[INFO carlsim/kernel/src/snn_cpu.cpp:2023] *********************************************************************************
[INFO carlsim/kernel/src/snn_cpu.cpp:2025] ********************      Welcome to CARLsim 3.1      ***************************
[INFO carlsim/kernel/src/snn_cpu.cpp:2026] *********************************************************************************

[INFO carlsim/kernel/src/snn_cpu.cpp:2028] ***************************** Configuring Network ********************************
[INFO carlsim/kernel/src/snn_cpu.cpp:2030] Starting CARLsim simulation "hello_world" in USER mode
[INFO carlsim/kernel/src/snn_cpu.cpp:2031] Random number seed: 42
[DEBUG carlsim/kernel/src/snn_cpu.cpp:2037] Current local time and date: Sat Apr  8 16:29:48 2017

[DEBUG carlsim/kernel/src/snn_cpu.cpp:201] grp_Info[0, input].numPostSynapses = 9, grp_Info[1, output].numPreSynapses = 117
[DEBUG carlsim/kernel/src/snn_cpu.cpp:209] CONNECT SETUP: connId=0, mulFast=1.000000, mulSlow=1.000000
[INFO carlsim/kernel/src/snn_cpu.cpp:454] Running COBA mode:
[INFO carlsim/kernel/src/snn_cpu.cpp:455]   - AMPA decay time            =     5 ms
[INFO carlsim/kernel/src/snn_cpu.cpp:456]   - NMDA rise time (disabled)  =     0 ms
[INFO carlsim/kernel/src/snn_cpu.cpp:457]   - GABAa decay time           =     6 ms
[INFO carlsim/kernel/src/snn_cpu.cpp:458]   - GABAb rise time (disabled) =     0 ms
[INFO carlsim/kernel/src/snn_cpu.cpp:459]   - GABAb decay time           =   150 ms
[DEBUG carlsim/kernel/src/snn_cpu.cpp:4432] Beginning reorganization of network....
[INFO carlsim/kernel/src/snn_cpu.cpp:2468] 

[INFO carlsim/kernel/src/snn_cpu.cpp:2469] ***************************** Setting up Network **********************************
[INFO carlsim/kernel/src/snn_cpu.cpp:2471] numN = 126, numPostSynapses = 9, numPreSynapses = 117, maxDelay = 1
[INFO carlsim/kernel/src/snn_cpu.cpp:2300] allocated nSpikeCnt
[DEBUG carlsim/kernel/src/snn_cpu.cpp:2428] Allocation for 1(output), St=0, End=8
[DEBUG carlsim/kernel/src/snn_cpu.cpp:2660] Allocation for 0(input), St=9, End=125
[INFO carlsim/kernel/src/print_snn_info.cpp:288] Group input(0): 
[INFO carlsim/kernel/src/print_snn_info.cpp:291]   - Type                       =    EXCIT
[INFO carlsim/kernel/src/print_snn_info.cpp:292]   - Size                       =      117
[INFO carlsim/kernel/src/print_snn_info.cpp:293]   - Start Id                   =        9
[INFO carlsim/kernel/src/print_snn_info.cpp:294]   - End Id                     =      125
[INFO carlsim/kernel/src/print_snn_info.cpp:295]   - numPostSynapses            =        9
[INFO carlsim/kernel/src/print_snn_info.cpp:296]   - numPreSynapses             =        0
[INFO carlsim/kernel/src/print_snn_info.cpp:304]   - Refractory period          =  0.00000
[INFO carlsim/kernel/src/print_snn_info.cpp:288] Group output(1): 
[INFO carlsim/kernel/src/print_snn_info.cpp:291]   - Type                       =    EXCIT
[INFO carlsim/kernel/src/print_snn_info.cpp:292]   - Size                       =        9
[INFO carlsim/kernel/src/print_snn_info.cpp:293]   - Start Id                   =        0
[INFO carlsim/kernel/src/print_snn_info.cpp:294]   - End Id                     =        8
[INFO carlsim/kernel/src/print_snn_info.cpp:295]   - numPostSynapses            =        0
[INFO carlsim/kernel/src/print_snn_info.cpp:296]   - numPreSynapses             =      117
[INFO carlsim/kernel/src/print_snn_info.cpp:270] Connection ID 0: input(0) => output(1)
[INFO carlsim/kernel/src/print_snn_info.cpp:271]   - Type                       =    FIXED
[INFO carlsim/kernel/src/print_snn_info.cpp:272]   - Min weight                 =  0.00000
[INFO carlsim/kernel/src/print_snn_info.cpp:273]   - Max weight                 =  0.05000
[INFO carlsim/kernel/src/print_snn_info.cpp:274]   - Initial weight             =  0.05000
[INFO carlsim/kernel/src/print_snn_info.cpp:275]   - Min delay                  =        1
[INFO carlsim/kernel/src/print_snn_info.cpp:276]   - Max delay                  =        1
[INFO carlsim/kernel/src/print_snn_info.cpp:277]   - Radius X                   =     3.00
[INFO carlsim/kernel/src/print_snn_info.cpp:278]   - Radius Y                   =     3.00
[INFO carlsim/kernel/src/print_snn_info.cpp:279]   - Radius Z                   =     1.00
[INFO carlsim/kernel/src/print_snn_info.cpp:283]   - Avg numPreSynapses         =      115
[INFO carlsim/kernel/src/print_snn_info.cpp:284]   - Avg numPostSynapses        =        8
[DEBUG carlsim/kernel/src/snn_cpu.cpp:2740] ******************
[DEBUG carlsim/kernel/src/snn_cpu.cpp:2741] CompactConnection: 
[DEBUG carlsim/kernel/src/snn_cpu.cpp:2742] ******************
[DEBUG carlsim/kernel/src/snn_cpu.cpp:2743] old_postCnt = 1053, new_postCnt = 1037
[DEBUG carlsim/kernel/src/snn_cpu.cpp:2744] old_preCnt = 1053,  new_postCnt = 1037
[DEBUG carlsim/kernel/src/print_snn_info.cpp:66] checkNetworkBuilt()
[DEBUG carlsim/kernel/src/print_snn_info.cpp:67] Network not yet elaborated and built...
[DEBUG carlsim/kernel/src/snn_cpu.cpp:4853] Grp: 0:input s=9 e=125 
[DEBUG carlsim/kernel/src/snn_cpu.cpp:4855] Grp: 0:input s=9 e=125  
[DEBUG carlsim/kernel/src/snn_cpu.cpp:4853] Grp: 1:output s=0 e=8 
[DEBUG carlsim/kernel/src/snn_cpu.cpp:4855] Grp: 1:output s=0 e=8  
[DEBUG carlsim/kernel/src/snn_cpu.cpp:4892] 	0 (input) start=0, type=F maxWts = 0.050000 (**)
[INFO carlsim/kernel/src/snn_cpu.cpp:4467] 
[INFO carlsim/kernel/src/snn_cpu.cpp:4469] *****************      Initializing CPU Simulation      *************************
[INFO carlsim/kernel/src/snn_cpu.cpp:1256] SpikeMonitor set for group 0 (input)
[INFO carlsim/kernel/src/snn_cpu.cpp:1256] SpikeMonitor set for group 1 (output)
[INFO carlsim/kernel/src/snn_cpu.cpp:1161] ConnectionMonitor 0 set for Connection 0: 0(input) => 1(output)
[DEBUG carlsim/kernel/src/snn_cpu.cpp:750] runNetwork: runDur=1000ms, printRunSummary=y, copyState=n
[INFO carlsim/kernel/src/snn_cpu.cpp:760] 
[INFO carlsim/kernel/src/snn_cpu.cpp:765] ********************      Running CPU Simulation      ***************************
[INFO carlsim/kernel/src/snn_cpu.cpp:767] 
[INFO carlsim/kernel/src/print_snn_info.cpp:165] (t=1.000s) SpikeMonitor for group input(0) has 3429 spikes in 1000ms (29.31 +/- 5.28 Hz)
[INFO carlsim/kernel/src/print_snn_info.cpp:165] (t=1.000s) SpikeMonitor for group output(1) has 1431 spikes in 1000ms (159.00 +/- 24.18 Hz)
[INFO carlsim/connection_monitor/connection_monitor_core.cpp:315] (t=1.000s) ConnectionMonitor ID=0 0(input) => 1(output): [preId,postId] wt (+/-wtChange in 1000ms) show first 100
[INFO carlsim/connection_monitor/connection_monitor_core.cpp:349] [  0,  0] 0.0468   [  0,  1] 0.0298   [  0,  2] 0.0113   [  0,  3] 0.0305   
[INFO carlsim/connection_monitor/connection_monitor_core.cpp:349] [  0,  4] 0.0194   [  0,  5] 0.0074   [  0,  6] 0.0120   [  0,  7] 0.0076   
[INFO carlsim/connection_monitor/connection_monitor_core.cpp:349] [  1,  0] 0.0483   [  1,  1] 0.0346   [  1,  2] 0.0148   [  1,  3] 0.0315   
[INFO carlsim/connection_monitor/connection_monitor_core.cpp:349] [  1,  4] 0.0226   [  1,  5] 0.0097   [  1,  6] 0.0123   [  1,  7] 0.0088   
[INFO carlsim/connection_monitor/connection_monitor_core.cpp:349] [  2,  0] 0.0485   [  2,  1] 0.0391   [  2,  2] 0.0189   [  2,  3] 0.0317   
[INFO carlsim/connection_monitor/connection_monitor_core.cpp:349] [  2,  4] 0.0255   [  2,  5] 0.0123   [  2,  6] 0.0124   [  2,  7] 0.0100   
[INFO carlsim/connection_monitor/connection_monitor_core.cpp:349] [  3,  0] 0.0474   [  3,  1] 0.0430   [  3,  2] 0.0234   [  3,  3] 0.0310   
[INFO carlsim/connection_monitor/connection_monitor_core.cpp:349] [  3,  4] 0.0281   [  3,  5] 0.0152   [  3,  6] 0.0121   [  3,  7] 0.0110   
[INFO carlsim/connection_monitor/connection_monitor_core.cpp:349] [  3,  8] 0.0060   [  4,  0] 0.0451   [  4,  1] 0.0460   [  4,  2] 0.0281   
[INFO carlsim/connection_monitor/connection_monitor_core.cpp:349] [  4,  3] 0.0295   [  4,  4] 0.0300   [  4,  5] 0.0184   [  4,  6] 0.0115   
[INFO carlsim/connection_monitor/connection_monitor_core.cpp:349] [  4,  7] 0.0118   [  4,  8] 0.0072   [  5,  0] 0.0418   [  5,  1] 0.0479   
[INFO carlsim/connection_monitor/connection_monitor_core.cpp:349] [  5,  2] 0.0330   [  5,  3] 0.0273   [  5,  4] 0.0313   [  5,  5] 0.0215   
[INFO carlsim/connection_monitor/connection_monitor_core.cpp:349] [  5,  6] 0.0107   [  5,  7] 0.0122   [  5,  8] 0.0084   [  6,  0] 0.0376   
[INFO carlsim/connection_monitor/connection_monitor_core.cpp:349] [  6,  1] 0.0486   [  6,  2] 0.0376   [  6,  3] 0.0246   [  6,  4] 0.0317   
[INFO carlsim/connection_monitor/connection_monitor_core.cpp:349] [  6,  5] 0.0246   [  6,  6] 0.0096   [  6,  7] 0.0124   [  6,  8] 0.0096   
[INFO carlsim/connection_monitor/connection_monitor_core.cpp:349] [  7,  0] 0.0330   [  7,  1] 0.0479   [  7,  2] 0.0418   [  7,  3] 0.0215   
[INFO carlsim/connection_monitor/connection_monitor_core.cpp:349] [  7,  4] 0.0313   [  7,  5] 0.0273   [  7,  6] 0.0084   [  7,  7] 0.0122   
[INFO carlsim/connection_monitor/connection_monitor_core.cpp:349] [  7,  8] 0.0107   [  8,  0] 0.0281   [  8,  1] 0.0460   [  8,  2] 0.0451   
[INFO carlsim/connection_monitor/connection_monitor_core.cpp:349] [  8,  3] 0.0184   [  8,  4] 0.0300   [  8,  5] 0.0295   [  8,  6] 0.0072   
[INFO carlsim/connection_monitor/connection_monitor_core.cpp:349] [  8,  7] 0.0118   [  8,  8] 0.0115   [  9,  0] 0.0234   [  9,  1] 0.0430   
[INFO carlsim/connection_monitor/connection_monitor_core.cpp:349] [  9,  2] 0.0474   [  9,  3] 0.0152   [  9,  4] 0.0281   [  9,  5] 0.0310   
[INFO carlsim/connection_monitor/connection_monitor_core.cpp:349] [  9,  6] 0.0060   [  9,  7] 0.0110   [  9,  8] 0.0121   [ 10,  0] 0.0189   
[INFO carlsim/connection_monitor/connection_monitor_core.cpp:349] [ 10,  1] 0.0391   [ 10,  2] 0.0485   [ 10,  3] 0.0123   [ 10,  4] 0.0255   
[INFO carlsim/connection_monitor/connection_monitor_core.cpp:349] [ 10,  5] 0.0317   [ 10,  7] 0.0100   [ 10,  8] 0.0124   [ 11,  0] 0.0148   
[INFO carlsim/connection_monitor/connection_monitor_core.cpp:349] [ 11,  1] 0.0346   [ 11,  2] 0.0483   [ 11,  3] 0.0097   [ 11,  4] 0.0226   
[DEBUG carlsim/kernel/src/snn_cpu.cpp:750] runNetwork: runDur=1000ms, printRunSummary=y, copyState=n
[INFO carlsim/kernel/src/print_snn_info.cpp:165] (t=2.000s) SpikeMonitor for group input(0) has 3392 spikes in 1000ms (28.99 +/- 5.63 Hz)
[INFO carlsim/kernel/src/print_snn_info.cpp:165] (t=2.000s) SpikeMonitor for group output(1) has 1468 spikes in 1000ms (163.11 +/- 29.88 Hz)
[INFO carlsim/connection_monitor/connection_monitor_core.cpp:315] (t=2.000s) ConnectionMonitor ID=0 0(input) => 1(output): [preId,postId] wt (+/-wtChange in 2000ms) show first 100
[INFO carlsim/connection_monitor/connection_monitor_core.cpp:349] [  0,  0] 0.0468   [  0,  1] 0.0298   [  0,  2] 0.0113   [  0,  3] 0.0305   
[INFO carlsim/connection_monitor/connection_monitor_core.cpp:349] [  0,  4] 0.0194   [  0,  5] 0.0074   [  0,  6] 0.0120   [  0,  7] 0.0076   
[INFO carlsim/connection_monitor/connection_monitor_core.cpp:349] [  1,  0] 0.0483   [  1,  1] 0.0346   [  1,  2] 0.0148   [  1,  3] 0.0315   
[INFO carlsim/connection_monitor/connection_monitor_core.cpp:349] [  1,  4] 0.0226   [  1,  5] 0.0097   [  1,  6] 0.0123   [  1,  7] 0.0088   
[INFO carlsim/connection_monitor/connection_monitor_core.cpp:349] [  2,  0] 0.0485   [  2,  1] 0.0391   [  2,  2] 0.0189   [  2,  3] 0.0317   
[INFO carlsim/connection_monitor/connection_monitor_core.cpp:349] [  2,  4] 0.0255   [  2,  5] 0.0123   [  2,  6] 0.0124   [  2,  7] 0.0100   
[INFO carlsim/connection_monitor/connection_monitor_core.cpp:349] [  3,  0] 0.0474   [  3,  1] 0.0430   [  3,  2] 0.0234   [  3,  3] 0.0310   
[INFO carlsim/connection_monitor/connection_monitor_core.cpp:349] [  3,  4] 0.0281   [  3,  5] 0.0152   [  3,  6] 0.0121   [  3,  7] 0.0110   
[INFO carlsim/connection_monitor/connection_monitor_core.cpp:349] [  3,  8] 0.0060   [  4,  0] 0.0451   [  4,  1] 0.0460   [  4,  2] 0.0281   
[INFO carlsim/connection_monitor/connection_monitor_core.cpp:349] [  4,  3] 0.0295   [  4,  4] 0.0300   [  4,  5] 0.0184   [  4,  6] 0.0115   
[INFO carlsim/connection_monitor/connection_monitor_core.cpp:349] [  4,  7] 0.0118   [  4,  8] 0.0072   [  5,  0] 0.0418   [  5,  1] 0.0479   
[INFO carlsim/connection_monitor/connection_monitor_core.cpp:349] [  5,  2] 0.0330   [  5,  3] 0.0273   [  5,  4] 0.0313   [  5,  5] 0.0215   
[INFO carlsim/connection_monitor/connection_monitor_core.cpp:349] [  5,  6] 0.0107   [  5,  7] 0.0122   [  5,  8] 0.0084   [  6,  0] 0.0376   
[INFO carlsim/connection_monitor/connection_monitor_core.cpp:349] [  6,  1] 0.0486   [  6,  2] 0.0376   [  6,  3] 0.0246   [  6,  4] 0.0317   
[INFO carlsim/connection_monitor/connection_monitor_core.cpp:349] [  6,  5] 0.0246   [  6,  6] 0.0096   [  6,  7] 0.0124   [  6,  8] 0.0096   
[INFO carlsim/connection_monitor/connection_monitor_core.cpp:349] [  7,  0] 0.0330   [  7,  1] 0.0479   [  7,  2] 0.0418   [  7,  3] 0.0215   
[INFO carlsim/connection_monitor/connection_monitor_core.cpp:349] [  7,  4] 0.0313   [  7,  5] 0.0273   [  7,  6] 0.0084   [  7,  7] 0.0122   
[INFO carlsim/connection_monitor/connection_monitor_core.cpp:349] [  7,  8] 0.0107   [  8,  0] 0.0281   [  8,  1] 0.0460   [  8,  2] 0.0451   
[INFO carlsim/connection_monitor/connection_monitor_core.cpp:349] [  8,  3] 0.0184   [  8,  4] 0.0300   [  8,  5] 0.0295   [  8,  6] 0.0072   
[INFO carlsim/connection_monitor/connection_monitor_core.cpp:349] [  8,  7] 0.0118   [  8,  8] 0.0115   [  9,  0] 0.0234   [  9,  1] 0.0430   
[INFO carlsim/connection_monitor/connection_monitor_core.cpp:349] [  9,  2] 0.0474   [  9,  3] 0.0152   [  9,  4] 0.0281   [  9,  5] 0.0310   
[INFO carlsim/connection_monitor/connection_monitor_core.cpp:349] [  9,  6] 0.0060   [  9,  7] 0.0110   [  9,  8] 0.0121   [ 10,  0] 0.0189   
[INFO carlsim/connection_monitor/connection_monitor_core.cpp:349] [ 10,  1] 0.0391   [ 10,  2] 0.0485   [ 10,  3] 0.0123   [ 10,  4] 0.0255   
[INFO carlsim/connection_monitor/connection_monitor_core.cpp:349] [ 10,  5] 0.0317   [ 10,  7] 0.0100   [ 10,  8] 0.0124   [ 11,  0] 0.0148   
[INFO carlsim/connection_monitor/connection_monitor_core.cpp:349] [ 11,  1] 0.0346   [ 11,  2] 0.0483   [ 11,  3] 0.0097   [ 11,  4] 0.0226   
[DEBUG carlsim/kernel/src/snn_cpu.cpp:750] runNetwork: runDur=1000ms, printRunSummary=y, copyState=n
[INFO carlsim/kernel/src/print_snn_info.cpp:165] (t=3.000s) SpikeMonitor for group input(0) has 3429 spikes in 1000ms (29.31 +/- 5.73 Hz)
[INFO carlsim/kernel/src/print_snn_info.cpp:165] (t=3.000s) SpikeMonitor for group output(1) has 1514 spikes in 1000ms (168.22 +/- 27.94 Hz)
[INFO carlsim/connection_monitor/connection_monitor_core.cpp:315] (t=3.000s) ConnectionMonitor ID=0 0(input) => 1(output): [preId,postId] wt (+/-wtChange in 3000ms) show first 100
[INFO carlsim/connection_monitor/connection_monitor_core.cpp:349] [  0,  0] 0.0468   [  0,  1] 0.0298   [  0,  2] 0.0113   [  0,  3] 0.0305   
[INFO carlsim/connection_monitor/connection_monitor_core.cpp:349] [  0,  4] 0.0194   [  0,  5] 0.0074   [  0,  6] 0.0120   [  0,  7] 0.0076   
[INFO carlsim/connection_monitor/connection_monitor_core.cpp:349] [  1,  0] 0.0483   [  1,  1] 0.0346   [  1,  2] 0.0148   [  1,  3] 0.0315   
[INFO carlsim/connection_monitor/connection_monitor_core.cpp:349] [  1,  4] 0.0226   [  1,  5] 0.0097   [  1,  6] 0.0123   [  1,  7] 0.0088   
[INFO carlsim/connection_monitor/connection_monitor_core.cpp:349] [  2,  0] 0.0485   [  2,  1] 0.0391   [  2,  2] 0.0189   [  2,  3] 0.0317   
[INFO carlsim/connection_monitor/connection_monitor_core.cpp:349] [  2,  4] 0.0255   [  2,  5] 0.0123   [  2,  6] 0.0124   [  2,  7] 0.0100   
[INFO carlsim/connection_monitor/connection_monitor_core.cpp:349] [  3,  0] 0.0474   [  3,  1] 0.0430   [  3,  2] 0.0234   [  3,  3] 0.0310   
[INFO carlsim/connection_monitor/connection_monitor_core.cpp:349] [  3,  4] 0.0281   [  3,  5] 0.0152   [  3,  6] 0.0121   [  3,  7] 0.0110   
[INFO carlsim/connection_monitor/connection_monitor_core.cpp:349] [  3,  8] 0.0060   [  4,  0] 0.0451   [  4,  1] 0.0460   [  4,  2] 0.0281   
[INFO carlsim/connection_monitor/connection_monitor_core.cpp:349] [  4,  3] 0.0295   [  4,  4] 0.0300   [  4,  5] 0.0184   [  4,  6] 0.0115   
[INFO carlsim/connection_monitor/connection_monitor_core.cpp:349] [  4,  7] 0.0118   [  4,  8] 0.0072   [  5,  0] 0.0418   [  5,  1] 0.0479   
[INFO carlsim/connection_monitor/connection_monitor_core.cpp:349] [  5,  2] 0.0330   [  5,  3] 0.0273   [  5,  4] 0.0313   [  5,  5] 0.0215   
[INFO carlsim/connection_monitor/connection_monitor_core.cpp:349] [  5,  6] 0.0107   [  5,  7] 0.0122   [  5,  8] 0.0084   [  6,  0] 0.0376   
[INFO carlsim/connection_monitor/connection_monitor_core.cpp:349] [  6,  1] 0.0486   [  6,  2] 0.0376   [  6,  3] 0.0246   [  6,  4] 0.0317   
[INFO carlsim/connection_monitor/connection_monitor_core.cpp:349] [  6,  5] 0.0246   [  6,  6] 0.0096   [  6,  7] 0.0124   [  6,  8] 0.0096   
[INFO carlsim/connection_monitor/connection_monitor_core.cpp:349] [  7,  0] 0.0330   [  7,  1] 0.0479   [  7,  2] 0.0418   [  7,  3] 0.0215   
[INFO carlsim/connection_monitor/connection_monitor_core.cpp:349] [  7,  4] 0.0313   [  7,  5] 0.0273   [  7,  6] 0.0084   [  7,  7] 0.0122   
[INFO carlsim/connection_monitor/connection_monitor_core.cpp:349] [  7,  8] 0.0107   [  8,  0] 0.0281   [  8,  1] 0.0460   [  8,  2] 0.0451   
[INFO carlsim/connection_monitor/connection_monitor_core.cpp:349] [  8,  3] 0.0184   [  8,  4] 0.0300   [  8,  5] 0.0295   [  8,  6] 0.0072   
[INFO carlsim/connection_monitor/connection_monitor_core.cpp:349] [  8,  7] 0.0118   [  8,  8] 0.0115   [  9,  0] 0.0234   [  9,  1] 0.0430   
[INFO carlsim/connection_monitor/connection_monitor_core.cpp:349] [  9,  2] 0.0474   [  9,  3] 0.0152   [  9,  4] 0.0281   [  9,  5] 0.0310   
[INFO carlsim/connection_monitor/connection_monitor_core.cpp:349] [  9,  6] 0.0060   [  9,  7] 0.0110   [  9,  8] 0.0121   [ 10,  0] 0.0189   
[INFO carlsim/connection_monitor/connection_monitor_core.cpp:349] [ 10,  1] 0.0391   [ 10,  2] 0.0485   [ 10,  3] 0.0123   [ 10,  4] 0.0255   
[INFO carlsim/connection_monitor/connection_monitor_core.cpp:349] [ 10,  5] 0.0317   [ 10,  7] 0.0100   [ 10,  8] 0.0124   [ 11,  0] 0.0148   
[INFO carlsim/connection_monitor/connection_monitor_core.cpp:349] [ 11,  1] 0.0346   [ 11,  2] 0.0483   [ 11,  3] 0.0097   [ 11,  4] 0.0226   
[DEBUG carlsim/kernel/src/snn_cpu.cpp:750] runNetwork: runDur=1000ms, printRunSummary=y, copyState=n
[INFO carlsim/kernel/src/print_snn_info.cpp:165] (t=4.000s) SpikeMonitor for group input(0) has 3418 spikes in 1000ms (29.21 +/- 5.10 Hz)
[INFO carlsim/kernel/src/print_snn_info.cpp:165] (t=4.000s) SpikeMonitor for group output(1) has 1483 spikes in 1000ms (164.78 +/- 30.21 Hz)
[INFO carlsim/connection_monitor/connection_monitor_core.cpp:315] (t=4.000s) ConnectionMonitor ID=0 0(input) => 1(output): [preId,postId] wt (+/-wtChange in 4000ms) show first 100
[INFO carlsim/connection_monitor/connection_monitor_core.cpp:349] [  0,  0] 0.0468   [  0,  1] 0.0298   [  0,  2] 0.0113   [  0,  3] 0.0305   
[INFO carlsim/connection_monitor/connection_monitor_core.cpp:349] [  0,  4] 0.0194   [  0,  5] 0.0074   [  0,  6] 0.0120   [  0,  7] 0.0076   
[INFO carlsim/connection_monitor/connection_monitor_core.cpp:349] [  1,  0] 0.0483   [  1,  1] 0.0346   [  1,  2] 0.0148   [  1,  3] 0.0315   
[INFO carlsim/connection_monitor/connection_monitor_core.cpp:349] [  1,  4] 0.0226   [  1,  5] 0.0097   [  1,  6] 0.0123   [  1,  7] 0.0088   
[INFO carlsim/connection_monitor/connection_monitor_core.cpp:349] [  2,  0] 0.0485   [  2,  1] 0.0391   [  2,  2] 0.0189   [  2,  3] 0.0317   
[INFO carlsim/connection_monitor/connection_monitor_core.cpp:349] [  2,  4] 0.0255   [  2,  5] 0.0123   [  2,  6] 0.0124   [  2,  7] 0.0100   
[INFO carlsim/connection_monitor/connection_monitor_core.cpp:349] [  3,  0] 0.0474   [  3,  1] 0.0430   [  3,  2] 0.0234   [  3,  3] 0.0310   
[INFO carlsim/connection_monitor/connection_monitor_core.cpp:349] [  3,  4] 0.0281   [  3,  5] 0.0152   [  3,  6] 0.0121   [  3,  7] 0.0110   
[INFO carlsim/connection_monitor/connection_monitor_core.cpp:349] [  3,  8] 0.0060   [  4,  0] 0.0451   [  4,  1] 0.0460   [  4,  2] 0.0281   
[INFO carlsim/connection_monitor/connection_monitor_core.cpp:349] [  4,  3] 0.0295   [  4,  4] 0.0300   [  4,  5] 0.0184   [  4,  6] 0.0115   
[INFO carlsim/connection_monitor/connection_monitor_core.cpp:349] [  4,  7] 0.0118   [  4,  8] 0.0072   [  5,  0] 0.0418   [  5,  1] 0.0479   
[INFO carlsim/connection_monitor/connection_monitor_core.cpp:349] [  5,  2] 0.0330   [  5,  3] 0.0273   [  5,  4] 0.0313   [  5,  5] 0.0215   
[INFO carlsim/connection_monitor/connection_monitor_core.cpp:349] [  5,  6] 0.0107   [  5,  7] 0.0122   [  5,  8] 0.0084   [  6,  0] 0.0376   
[INFO carlsim/connection_monitor/connection_monitor_core.cpp:349] [  6,  1] 0.0486   [  6,  2] 0.0376   [  6,  3] 0.0246   [  6,  4] 0.0317   
[INFO carlsim/connection_monitor/connection_monitor_core.cpp:349] [  6,  5] 0.0246   [  6,  6] 0.0096   [  6,  7] 0.0124   [  6,  8] 0.0096   
[INFO carlsim/connection_monitor/connection_monitor_core.cpp:349] [  7,  0] 0.0330   [  7,  1] 0.0479   [  7,  2] 0.0418   [  7,  3] 0.0215   
[INFO carlsim/connection_monitor/connection_monitor_core.cpp:349] [  7,  4] 0.0313   [  7,  5] 0.0273   [  7,  6] 0.0084   [  7,  7] 0.0122   
[INFO carlsim/connection_monitor/connection_monitor_core.cpp:349] [  7,  8] 0.0107   [  8,  0] 0.0281   [  8,  1] 0.0460   [  8,  2] 0.0451   
[INFO carlsim/connection_monitor/connection_monitor_core.cpp:349] [  8,  3] 0.0184   [  8,  4] 0.0300   [  8,  5] 0.0295   [  8,  6] 0.0072   
[INFO carlsim/connection_monitor/connection_monitor_core.cpp:349] [  8,  7] 0.0118   [  8,  8] 0.0115   [  9,  0] 0.0234   [  9,  1] 0.0430   
[INFO carlsim/connection_monitor/connection_monitor_core.cpp:349] [  9,  2] 0.0474   [  9,  3] 0.0152   [  9,  4] 0.0281   [  9,  5] 0.0310   
[INFO carlsim/connection_monitor/connection_monitor_core.cpp:349] [  9,  6] 0.0060   [  9,  7] 0.0110   [  9,  8] 0.0121   [ 10,  0] 0.0189   
[INFO carlsim/connection_monitor/connection_monitor_core.cpp:349] [ 10,  1] 0.0391   [ 10,  2] 0.0485   [ 10,  3] 0.0123   [ 10,  4] 0.0255   
[INFO carlsim/connection_monitor/connection_monitor_core.cpp:349] [ 10,  5] 0.0317   [ 10,  7] 0.0100   [ 10,  8] 0.0124   [ 11,  0] 0.0148   
[INFO carlsim/connection_monitor/connection_monitor_core.cpp:349] [ 11,  1] 0.0346   [ 11,  2] 0.0483   [ 11,  3] 0.0097   [ 11,  4] 0.0226   
[DEBUG carlsim/kernel/src/snn_cpu.cpp:750] runNetwork: runDur=1000ms, printRunSummary=y, copyState=n
[INFO carlsim/kernel/src/print_snn_info.cpp:165] (t=5.000s) SpikeMonitor for group input(0) has 3429 spikes in 1000ms (29.31 +/- 5.75 Hz)
[INFO carlsim/kernel/src/print_snn_info.cpp:165] (t=5.000s) SpikeMonitor for group output(1) has 1498 spikes in 1000ms (166.44 +/- 29.15 Hz)
[INFO carlsim/connection_monitor/connection_monitor_core.cpp:315] (t=5.000s) ConnectionMonitor ID=0 0(input) => 1(output): [preId,postId] wt (+/-wtChange in 5000ms) show first 100
[INFO carlsim/connection_monitor/connection_monitor_core.cpp:349] [  0,  0] 0.0468   [  0,  1] 0.0298   [  0,  2] 0.0113   [  0,  3] 0.0305   
[INFO carlsim/connection_monitor/connection_monitor_core.cpp:349] [  0,  4] 0.0194   [  0,  5] 0.0074   [  0,  6] 0.0120   [  0,  7] 0.0076   
[INFO carlsim/connection_monitor/connection_monitor_core.cpp:349] [  1,  0] 0.0483   [  1,  1] 0.0346   [  1,  2] 0.0148   [  1,  3] 0.0315   
[INFO carlsim/connection_monitor/connection_monitor_core.cpp:349] [  1,  4] 0.0226   [  1,  5] 0.0097   [  1,  6] 0.0123   [  1,  7] 0.0088   
[INFO carlsim/connection_monitor/connection_monitor_core.cpp:349] [  2,  0] 0.0485   [  2,  1] 0.0391   [  2,  2] 0.0189   [  2,  3] 0.0317   
[INFO carlsim/connection_monitor/connection_monitor_core.cpp:349] [  2,  4] 0.0255   [  2,  5] 0.0123   [  2,  6] 0.0124   [  2,  7] 0.0100   
[INFO carlsim/connection_monitor/connection_monitor_core.cpp:349] [  3,  0] 0.0474   [  3,  1] 0.0430   [  3,  2] 0.0234   [  3,  3] 0.0310   
[INFO carlsim/connection_monitor/connection_monitor_core.cpp:349] [  3,  4] 0.0281   [  3,  5] 0.0152   [  3,  6] 0.0121   [  3,  7] 0.0110   
[INFO carlsim/connection_monitor/connection_monitor_core.cpp:349] [  3,  8] 0.0060   [  4,  0] 0.0451   [  4,  1] 0.0460   [  4,  2] 0.0281   
[INFO carlsim/connection_monitor/connection_monitor_core.cpp:349] [  4,  3] 0.0295   [  4,  4] 0.0300   [  4,  5] 0.0184   [  4,  6] 0.0115   
[INFO carlsim/connection_monitor/connection_monitor_core.cpp:349] [  4,  7] 0.0118   [  4,  8] 0.0072   [  5,  0] 0.0418   [  5,  1] 0.0479   
[INFO carlsim/connection_monitor/connection_monitor_core.cpp:349] [  5,  2] 0.0330   [  5,  3] 0.0273   [  5,  4] 0.0313   [  5,  5] 0.0215   
[INFO carlsim/connection_monitor/connection_monitor_core.cpp:349] [  5,  6] 0.0107   [  5,  7] 0.0122   [  5,  8] 0.0084   [  6,  0] 0.0376   
[INFO carlsim/connection_monitor/connection_monitor_core.cpp:349] [  6,  1] 0.0486   [  6,  2] 0.0376   [  6,  3] 0.0246   [  6,  4] 0.0317   
[INFO carlsim/connection_monitor/connection_monitor_core.cpp:349] [  6,  5] 0.0246   [  6,  6] 0.0096   [  6,  7] 0.0124   [  6,  8] 0.0096   
[INFO carlsim/connection_monitor/connection_monitor_core.cpp:349] [  7,  0] 0.0330   [  7,  1] 0.0479   [  7,  2] 0.0418   [  7,  3] 0.0215   
[INFO carlsim/connection_monitor/connection_monitor_core.cpp:349] [  7,  4] 0.0313   [  7,  5] 0.0273   [  7,  6] 0.0084   [  7,  7] 0.0122   
[INFO carlsim/connection_monitor/connection_monitor_core.cpp:349] [  7,  8] 0.0107   [  8,  0] 0.0281   [  8,  1] 0.0460   [  8,  2] 0.0451   
[INFO carlsim/connection_monitor/connection_monitor_core.cpp:349] [  8,  3] 0.0184   [  8,  4] 0.0300   [  8,  5] 0.0295   [  8,  6] 0.0072   
[INFO carlsim/connection_monitor/connection_monitor_core.cpp:349] [  8,  7] 0.0118   [  8,  8] 0.0115   [  9,  0] 0.0234   [  9,  1] 0.0430   
[INFO carlsim/connection_monitor/connection_monitor_core.cpp:349] [  9,  2] 0.0474   [  9,  3] 0.0152   [  9,  4] 0.0281   [  9,  5] 0.0310   
[INFO carlsim/connection_monitor/connection_monitor_core.cpp:349] [  9,  6] 0.0060   [  9,  7] 0.0110   [  9,  8] 0.0121   [ 10,  0] 0.0189   
[INFO carlsim/connection_monitor/connection_monitor_core.cpp:349] [ 10,  1] 0.0391   [ 10,  2] 0.0485   [ 10,  3] 0.0123   [ 10,  4] 0.0255   
[INFO carlsim/connection_monitor/connection_monitor_core.cpp:349] [ 10,  5] 0.0317   [ 10,  7] 0.0100   [ 10,  8] 0.0124   [ 11,  0] 0.0148   
[INFO carlsim/connection_monitor/connection_monitor_core.cpp:349] [ 11,  1] 0.0346   [ 11,  2] 0.0483   [ 11,  3] 0.0097   [ 11,  4] 0.0226   
[DEBUG carlsim/kernel/src/snn_cpu.cpp:750] runNetwork: runDur=1000ms, printRunSummary=y, copyState=n
[INFO carlsim/kernel/src/print_snn_info.cpp:165] (t=6.000s) SpikeMonitor for group input(0) has 3518 spikes in 1000ms (30.07 +/- 5.35 Hz)
[INFO carlsim/kernel/src/print_snn_info.cpp:165] (t=6.000s) SpikeMonitor for group output(1) has 1542 spikes in 1000ms (171.33 +/- 29.62 Hz)
[INFO carlsim/connection_monitor/connection_monitor_core.cpp:315] (t=6.000s) ConnectionMonitor ID=0 0(input) => 1(output): [preId,postId] wt (+/-wtChange in 6000ms) show first 100
[INFO carlsim/connection_monitor/connection_monitor_core.cpp:349] [  0,  0] 0.0468   [  0,  1] 0.0298   [  0,  2] 0.0113   [  0,  3] 0.0305   
[INFO carlsim/connection_monitor/connection_monitor_core.cpp:349] [  0,  4] 0.0194   [  0,  5] 0.0074   [  0,  6] 0.0120   [  0,  7] 0.0076   
[INFO carlsim/connection_monitor/connection_monitor_core.cpp:349] [  1,  0] 0.0483   [  1,  1] 0.0346   [  1,  2] 0.0148   [  1,  3] 0.0315   
[INFO carlsim/connection_monitor/connection_monitor_core.cpp:349] [  1,  4] 0.0226   [  1,  5] 0.0097   [  1,  6] 0.0123   [  1,  7] 0.0088   
[INFO carlsim/connection_monitor/connection_monitor_core.cpp:349] [  2,  0] 0.0485   [  2,  1] 0.0391   [  2,  2] 0.0189   [  2,  3] 0.0317   
[INFO carlsim/connection_monitor/connection_monitor_core.cpp:349] [  2,  4] 0.0255   [  2,  5] 0.0123   [  2,  6] 0.0124   [  2,  7] 0.0100   
[INFO carlsim/connection_monitor/connection_monitor_core.cpp:349] [  3,  0] 0.0474   [  3,  1] 0.0430   [  3,  2] 0.0234   [  3,  3] 0.0310   
[INFO carlsim/connection_monitor/connection_monitor_core.cpp:349] [  3,  4] 0.0281   [  3,  5] 0.0152   [  3,  6] 0.0121   [  3,  7] 0.0110   
[INFO carlsim/connection_monitor/connection_monitor_core.cpp:349] [  3,  8] 0.0060   [  4,  0] 0.0451   [  4,  1] 0.0460   [  4,  2] 0.0281   
[INFO carlsim/connection_monitor/connection_monitor_core.cpp:349] [  4,  3] 0.0295   [  4,  4] 0.0300   [  4,  5] 0.0184   [  4,  6] 0.0115   
[INFO carlsim/connection_monitor/connection_monitor_core.cpp:349] [  4,  7] 0.0118   [  4,  8] 0.0072   [  5,  0] 0.0418   [  5,  1] 0.0479   
[INFO carlsim/connection_monitor/connection_monitor_core.cpp:349] [  5,  2] 0.0330   [  5,  3] 0.0273   [  5,  4] 0.0313   [  5,  5] 0.0215   
[INFO carlsim/connection_monitor/connection_monitor_core.cpp:349] [  5,  6] 0.0107   [  5,  7] 0.0122   [  5,  8] 0.0084   [  6,  0] 0.0376   
[INFO carlsim/connection_monitor/connection_monitor_core.cpp:349] [  6,  1] 0.0486   [  6,  2] 0.0376   [  6,  3] 0.0246   [  6,  4] 0.0317   
[INFO carlsim/connection_monitor/connection_monitor_core.cpp:349] [  6,  5] 0.0246   [  6,  6] 0.0096   [  6,  7] 0.0124   [  6,  8] 0.0096   
[INFO carlsim/connection_monitor/connection_monitor_core.cpp:349] [  7,  0] 0.0330   [  7,  1] 0.0479   [  7,  2] 0.0418   [  7,  3] 0.0215   
[INFO carlsim/connection_monitor/connection_monitor_core.cpp:349] [  7,  4] 0.0313   [  7,  5] 0.0273   [  7,  6] 0.0084   [  7,  7] 0.0122   
[INFO carlsim/connection_monitor/connection_monitor_core.cpp:349] [  7,  8] 0.0107   [  8,  0] 0.0281   [  8,  1] 0.0460   [  8,  2] 0.0451   
[INFO carlsim/connection_monitor/connection_monitor_core.cpp:349] [  8,  3] 0.0184   [  8,  4] 0.0300   [  8,  5] 0.0295   [  8,  6] 0.0072   
[INFO carlsim/connection_monitor/connection_monitor_core.cpp:349] [  8,  7] 0.0118   [  8,  8] 0.0115   [  9,  0] 0.0234   [  9,  1] 0.0430   
[INFO carlsim/connection_monitor/connection_monitor_core.cpp:349] [  9,  2] 0.0474   [  9,  3] 0.0152   [  9,  4] 0.0281   [  9,  5] 0.0310   
[INFO carlsim/connection_monitor/connection_monitor_core.cpp:349] [  9,  6] 0.0060   [  9,  7] 0.0110   [  9,  8] 0.0121   [ 10,  0] 0.0189   
[INFO carlsim/connection_monitor/connection_monitor_core.cpp:349] [ 10,  1] 0.0391   [ 10,  2] 0.0485   [ 10,  3] 0.0123   [ 10,  4] 0.0255   
[INFO carlsim/connection_monitor/connection_monitor_core.cpp:349] [ 10,  5] 0.0317   [ 10,  7] 0.0100   [ 10,  8] 0.0124   [ 11,  0] 0.0148   
[INFO carlsim/connection_monitor/connection_monitor_core.cpp:349] [ 11,  1] 0.0346   [ 11,  2] 0.0483   [ 11,  3] 0.0097   [ 11,  4] 0.0226   
[DEBUG carlsim/kernel/src/snn_cpu.cpp:750] runNetwork: runDur=1000ms, printRunSummary=y, copyState=n
[INFO carlsim/kernel/src/print_snn_info.cpp:165] (t=7.000s) SpikeMonitor for group input(0) has 3425 spikes in 1000ms (29.27 +/- 5.61 Hz)
[INFO carlsim/kernel/src/print_snn_info.cpp:165] (t=7.000s) SpikeMonitor for group output(1) has 1539 spikes in 1000ms (171.00 +/- 28.19 Hz)
[INFO carlsim/connection_monitor/connection_monitor_core.cpp:315] (t=7.000s) ConnectionMonitor ID=0 0(input) => 1(output): [preId,postId] wt (+/-wtChange in 7000ms) show first 100
[INFO carlsim/connection_monitor/connection_monitor_core.cpp:349] [  0,  0] 0.0468   [  0,  1] 0.0298   [  0,  2] 0.0113   [  0,  3] 0.0305   
[INFO carlsim/connection_monitor/connection_monitor_core.cpp:349] [  0,  4] 0.0194   [  0,  5] 0.0074   [  0,  6] 0.0120   [  0,  7] 0.0076   
[INFO carlsim/connection_monitor/connection_monitor_core.cpp:349] [  1,  0] 0.0483   [  1,  1] 0.0346   [  1,  2] 0.0148   [  1,  3] 0.0315   
[INFO carlsim/connection_monitor/connection_monitor_core.cpp:349] [  1,  4] 0.0226   [  1,  5] 0.0097   [  1,  6] 0.0123   [  1,  7] 0.0088   
[INFO carlsim/connection_monitor/connection_monitor_core.cpp:349] [  2,  0] 0.0485   [  2,  1] 0.0391   [  2,  2] 0.0189   [  2,  3] 0.0317   
[INFO carlsim/connection_monitor/connection_monitor_core.cpp:349] [  2,  4] 0.0255   [  2,  5] 0.0123   [  2,  6] 0.0124   [  2,  7] 0.0100   
[INFO carlsim/connection_monitor/connection_monitor_core.cpp:349] [  3,  0] 0.0474   [  3,  1] 0.0430   [  3,  2] 0.0234   [  3,  3] 0.0310   
[INFO carlsim/connection_monitor/connection_monitor_core.cpp:349] [  3,  4] 0.0281   [  3,  5] 0.0152   [  3,  6] 0.0121   [  3,  7] 0.0110   
[INFO carlsim/connection_monitor/connection_monitor_core.cpp:349] [  3,  8] 0.0060   [  4,  0] 0.0451   [  4,  1] 0.0460   [  4,  2] 0.0281   
[INFO carlsim/connection_monitor/connection_monitor_core.cpp:349] [  4,  3] 0.0295   [  4,  4] 0.0300   [  4,  5] 0.0184   [  4,  6] 0.0115   
[INFO carlsim/connection_monitor/connection_monitor_core.cpp:349] [  4,  7] 0.0118   [  4,  8] 0.0072   [  5,  0] 0.0418   [  5,  1] 0.0479   
[INFO carlsim/connection_monitor/connection_monitor_core.cpp:349] [  5,  2] 0.0330   [  5,  3] 0.0273   [  5,  4] 0.0313   [  5,  5] 0.0215   
[INFO carlsim/connection_monitor/connection_monitor_core.cpp:349] [  5,  6] 0.0107   [  5,  7] 0.0122   [  5,  8] 0.0084   [  6,  0] 0.0376   
[INFO carlsim/connection_monitor/connection_monitor_core.cpp:349] [  6,  1] 0.0486   [  6,  2] 0.0376   [  6,  3] 0.0246   [  6,  4] 0.0317   
[INFO carlsim/connection_monitor/connection_monitor_core.cpp:349] [  6,  5] 0.0246   [  6,  6] 0.0096   [  6,  7] 0.0124   [  6,  8] 0.0096   
[INFO carlsim/connection_monitor/connection_monitor_core.cpp:349] [  7,  0] 0.0330   [  7,  1] 0.0479   [  7,  2] 0.0418   [  7,  3] 0.0215   
[INFO carlsim/connection_monitor/connection_monitor_core.cpp:349] [  7,  4] 0.0313   [  7,  5] 0.0273   [  7,  6] 0.0084   [  7,  7] 0.0122   
[INFO carlsim/connection_monitor/connection_monitor_core.cpp:349] [  7,  8] 0.0107   [  8,  0] 0.0281   [  8,  1] 0.0460   [  8,  2] 0.0451   
[INFO carlsim/connection_monitor/connection_monitor_core.cpp:349] [  8,  3] 0.0184   [  8,  4] 0.0300   [  8,  5] 0.0295   [  8,  6] 0.0072   
[INFO carlsim/connection_monitor/connection_monitor_core.cpp:349] [  8,  7] 0.0118   [  8,  8] 0.0115   [  9,  0] 0.0234   [  9,  1] 0.0430   
[INFO carlsim/connection_monitor/connection_monitor_core.cpp:349] [  9,  2] 0.0474   [  9,  3] 0.0152   [  9,  4] 0.0281   [  9,  5] 0.0310   
[INFO carlsim/connection_monitor/connection_monitor_core.cpp:349] [  9,  6] 0.0060   [  9,  7] 0.0110   [  9,  8] 0.0121   [ 10,  0] 0.0189   
[INFO carlsim/connection_monitor/connection_monitor_core.cpp:349] [ 10,  1] 0.0391   [ 10,  2] 0.0485   [ 10,  3] 0.0123   [ 10,  4] 0.0255   
[INFO carlsim/connection_monitor/connection_monitor_core.cpp:349] [ 10,  5] 0.0317   [ 10,  7] 0.0100   [ 10,  8] 0.0124   [ 11,  0] 0.0148   
[INFO carlsim/connection_monitor/connection_monitor_core.cpp:349] [ 11,  1] 0.0346   [ 11,  2] 0.0483   [ 11,  3] 0.0097   [ 11,  4] 0.0226   
[DEBUG carlsim/kernel/src/snn_cpu.cpp:750] runNetwork: runDur=1000ms, printRunSummary=y, copyState=n
[INFO carlsim/kernel/src/print_snn_info.cpp:165] (t=8.000s) SpikeMonitor for group input(0) has 3462 spikes in 1000ms (29.59 +/- 5.90 Hz)
[INFO carlsim/kernel/src/print_snn_info.cpp:165] (t=8.000s) SpikeMonitor for group output(1) has 1534 spikes in 1000ms (170.44 +/- 28.08 Hz)
[INFO carlsim/connection_monitor/connection_monitor_core.cpp:315] (t=8.000s) ConnectionMonitor ID=0 0(input) => 1(output): [preId,postId] wt (+/-wtChange in 8000ms) show first 100
[INFO carlsim/connection_monitor/connection_monitor_core.cpp:349] [  0,  0] 0.0468   [  0,  1] 0.0298   [  0,  2] 0.0113   [  0,  3] 0.0305   
[INFO carlsim/connection_monitor/connection_monitor_core.cpp:349] [  0,  4] 0.0194   [  0,  5] 0.0074   [  0,  6] 0.0120   [  0,  7] 0.0076   
[INFO carlsim/connection_monitor/connection_monitor_core.cpp:349] [  1,  0] 0.0483   [  1,  1] 0.0346   [  1,  2] 0.0148   [  1,  3] 0.0315   
[INFO carlsim/connection_monitor/connection_monitor_core.cpp:349] [  1,  4] 0.0226   [  1,  5] 0.0097   [  1,  6] 0.0123   [  1,  7] 0.0088   
[INFO carlsim/connection_monitor/connection_monitor_core.cpp:349] [  2,  0] 0.0485   [  2,  1] 0.0391   [  2,  2] 0.0189   [  2,  3] 0.0317   
[INFO carlsim/connection_monitor/connection_monitor_core.cpp:349] [  2,  4] 0.0255   [  2,  5] 0.0123   [  2,  6] 0.0124   [  2,  7] 0.0100   
[INFO carlsim/connection_monitor/connection_monitor_core.cpp:349] [  3,  0] 0.0474   [  3,  1] 0.0430   [  3,  2] 0.0234   [  3,  3] 0.0310   
[INFO carlsim/connection_monitor/connection_monitor_core.cpp:349] [  3,  4] 0.0281   [  3,  5] 0.0152   [  3,  6] 0.0121   [  3,  7] 0.0110   
[INFO carlsim/connection_monitor/connection_monitor_core.cpp:349] [  3,  8] 0.0060   [  4,  0] 0.0451   [  4,  1] 0.0460   [  4,  2] 0.0281   
[INFO carlsim/connection_monitor/connection_monitor_core.cpp:349] [  4,  3] 0.0295   [  4,  4] 0.0300   [  4,  5] 0.0184   [  4,  6] 0.0115   
[INFO carlsim/connection_monitor/connection_monitor_core.cpp:349] [  4,  7] 0.0118   [  4,  8] 0.0072   [  5,  0] 0.0418   [  5,  1] 0.0479   
[INFO carlsim/connection_monitor/connection_monitor_core.cpp:349] [  5,  2] 0.0330   [  5,  3] 0.0273   [  5,  4] 0.0313   [  5,  5] 0.0215   
[INFO carlsim/connection_monitor/connection_monitor_core.cpp:349] [  5,  6] 0.0107   [  5,  7] 0.0122   [  5,  8] 0.0084   [  6,  0] 0.0376   
[INFO carlsim/connection_monitor/connection_monitor_core.cpp:349] [  6,  1] 0.0486   [  6,  2] 0.0376   [  6,  3] 0.0246   [  6,  4] 0.0317   
[INFO carlsim/connection_monitor/connection_monitor_core.cpp:349] [  6,  5] 0.0246   [  6,  6] 0.0096   [  6,  7] 0.0124   [  6,  8] 0.0096   
[INFO carlsim/connection_monitor/connection_monitor_core.cpp:349] [  7,  0] 0.0330   [  7,  1] 0.0479   [  7,  2] 0.0418   [  7,  3] 0.0215   
[INFO carlsim/connection_monitor/connection_monitor_core.cpp:349] [  7,  4] 0.0313   [  7,  5] 0.0273   [  7,  6] 0.0084   [  7,  7] 0.0122   
[INFO carlsim/connection_monitor/connection_monitor_core.cpp:349] [  7,  8] 0.0107   [  8,  0] 0.0281   [  8,  1] 0.0460   [  8,  2] 0.0451   
[INFO carlsim/connection_monitor/connection_monitor_core.cpp:349] [  8,  3] 0.0184   [  8,  4] 0.0300   [  8,  5] 0.0295   [  8,  6] 0.0072   
[INFO carlsim/connection_monitor/connection_monitor_core.cpp:349] [  8,  7] 0.0118   [  8,  8] 0.0115   [  9,  0] 0.0234   [  9,  1] 0.0430   
[INFO carlsim/connection_monitor/connection_monitor_core.cpp:349] [  9,  2] 0.0474   [  9,  3] 0.0152   [  9,  4] 0.0281   [  9,  5] 0.0310   
[INFO carlsim/connection_monitor/connection_monitor_core.cpp:349] [  9,  6] 0.0060   [  9,  7] 0.0110   [  9,  8] 0.0121   [ 10,  0] 0.0189   
[INFO carlsim/connection_monitor/connection_monitor_core.cpp:349] [ 10,  1] 0.0391   [ 10,  2] 0.0485   [ 10,  3] 0.0123   [ 10,  4] 0.0255   
[INFO carlsim/connection_monitor/connection_monitor_core.cpp:349] [ 10,  5] 0.0317   [ 10,  7] 0.0100   [ 10,  8] 0.0124   [ 11,  0] 0.0148   
[INFO carlsim/connection_monitor/connection_monitor_core.cpp:349] [ 11,  1] 0.0346   [ 11,  2] 0.0483   [ 11,  3] 0.0097   [ 11,  4] 0.0226   
[DEBUG carlsim/kernel/src/snn_cpu.cpp:750] runNetwork: runDur=1000ms, printRunSummary=y, copyState=n
[INFO carlsim/kernel/src/print_snn_info.cpp:165] (t=9.000s) SpikeMonitor for group input(0) has 3353 spikes in 1000ms (28.66 +/- 5.53 Hz)
[INFO carlsim/kernel/src/print_snn_info.cpp:165] (t=9.000s) SpikeMonitor for group output(1) has 1449 spikes in 1000ms (161.00 +/- 28.30 Hz)
[INFO carlsim/connection_monitor/connection_monitor_core.cpp:315] (t=9.000s) ConnectionMonitor ID=0 0(input) => 1(output): [preId,postId] wt (+/-wtChange in 9000ms) show first 100
[INFO carlsim/connection_monitor/connection_monitor_core.cpp:349] [  0,  0] 0.0468   [  0,  1] 0.0298   [  0,  2] 0.0113   [  0,  3] 0.0305   
[INFO carlsim/connection_monitor/connection_monitor_core.cpp:349] [  0,  4] 0.0194   [  0,  5] 0.0074   [  0,  6] 0.0120   [  0,  7] 0.0076   
[INFO carlsim/connection_monitor/connection_monitor_core.cpp:349] [  1,  0] 0.0483   [  1,  1] 0.0346   [  1,  2] 0.0148   [  1,  3] 0.0315   
[INFO carlsim/connection_monitor/connection_monitor_core.cpp:349] [  1,  4] 0.0226   [  1,  5] 0.0097   [  1,  6] 0.0123   [  1,  7] 0.0088   
[INFO carlsim/connection_monitor/connection_monitor_core.cpp:349] [  2,  0] 0.0485   [  2,  1] 0.0391   [  2,  2] 0.0189   [  2,  3] 0.0317   
[INFO carlsim/connection_monitor/connection_monitor_core.cpp:349] [  2,  4] 0.0255   [  2,  5] 0.0123   [  2,  6] 0.0124   [  2,  7] 0.0100   
[INFO carlsim/connection_monitor/connection_monitor_core.cpp:349] [  3,  0] 0.0474   [  3,  1] 0.0430   [  3,  2] 0.0234   [  3,  3] 0.0310   
[INFO carlsim/connection_monitor/connection_monitor_core.cpp:349] [  3,  4] 0.0281   [  3,  5] 0.0152   [  3,  6] 0.0121   [  3,  7] 0.0110   
[INFO carlsim/connection_monitor/connection_monitor_core.cpp:349] [  3,  8] 0.0060   [  4,  0] 0.0451   [  4,  1] 0.0460   [  4,  2] 0.0281   
[INFO carlsim/connection_monitor/connection_monitor_core.cpp:349] [  4,  3] 0.0295   [  4,  4] 0.0300   [  4,  5] 0.0184   [  4,  6] 0.0115   
[INFO carlsim/connection_monitor/connection_monitor_core.cpp:349] [  4,  7] 0.0118   [  4,  8] 0.0072   [  5,  0] 0.0418   [  5,  1] 0.0479   
[INFO carlsim/connection_monitor/connection_monitor_core.cpp:349] [  5,  2] 0.0330   [  5,  3] 0.0273   [  5,  4] 0.0313   [  5,  5] 0.0215   
[INFO carlsim/connection_monitor/connection_monitor_core.cpp:349] [  5,  6] 0.0107   [  5,  7] 0.0122   [  5,  8] 0.0084   [  6,  0] 0.0376   
[INFO carlsim/connection_monitor/connection_monitor_core.cpp:349] [  6,  1] 0.0486   [  6,  2] 0.0376   [  6,  3] 0.0246   [  6,  4] 0.0317   
[INFO carlsim/connection_monitor/connection_monitor_core.cpp:349] [  6,  5] 0.0246   [  6,  6] 0.0096   [  6,  7] 0.0124   [  6,  8] 0.0096   
[INFO carlsim/connection_monitor/connection_monitor_core.cpp:349] [  7,  0] 0.0330   [  7,  1] 0.0479   [  7,  2] 0.0418   [  7,  3] 0.0215   
[INFO carlsim/connection_monitor/connection_monitor_core.cpp:349] [  7,  4] 0.0313   [  7,  5] 0.0273   [  7,  6] 0.0084   [  7,  7] 0.0122   
[INFO carlsim/connection_monitor/connection_monitor_core.cpp:349] [  7,  8] 0.0107   [  8,  0] 0.0281   [  8,  1] 0.0460   [  8,  2] 0.0451   
[INFO carlsim/connection_monitor/connection_monitor_core.cpp:349] [  8,  3] 0.0184   [  8,  4] 0.0300   [  8,  5] 0.0295   [  8,  6] 0.0072   
[INFO carlsim/connection_monitor/connection_monitor_core.cpp:349] [  8,  7] 0.0118   [  8,  8] 0.0115   [  9,  0] 0.0234   [  9,  1] 0.0430   
[INFO carlsim/connection_monitor/connection_monitor_core.cpp:349] [  9,  2] 0.0474   [  9,  3] 0.0152   [  9,  4] 0.0281   [  9,  5] 0.0310   
[INFO carlsim/connection_monitor/connection_monitor_core.cpp:349] [  9,  6] 0.0060   [  9,  7] 0.0110   [  9,  8] 0.0121   [ 10,  0] 0.0189   
[INFO carlsim/connection_monitor/connection_monitor_core.cpp:349] [ 10,  1] 0.0391   [ 10,  2] 0.0485   [ 10,  3] 0.0123   [ 10,  4] 0.0255   
[INFO carlsim/connection_monitor/connection_monitor_core.cpp:349] [ 10,  5] 0.0317   [ 10,  7] 0.0100   [ 10,  8] 0.0124   [ 11,  0] 0.0148   
[INFO carlsim/connection_monitor/connection_monitor_core.cpp:349] [ 11,  1] 0.0346   [ 11,  2] 0.0483   [ 11,  3] 0.0097   [ 11,  4] 0.0226   
[DEBUG carlsim/kernel/src/snn_cpu.cpp:750] runNetwork: runDur=1000ms, printRunSummary=y, copyState=n
[INFO carlsim/kernel/src/print_snn_info.cpp:165] (t=10.000s) SpikeMonitor for group input(0) has 3400 spikes in 1000ms (29.06 +/- 5.38 Hz)
[INFO carlsim/kernel/src/print_snn_info.cpp:165] (t=10.000s) SpikeMonitor for group output(1) has 1471 spikes in 1000ms (163.44 +/- 28.54 Hz)
[INFO carlsim/connection_monitor/connection_monitor_core.cpp:315] (t=10.000s) ConnectionMonitor ID=0 0(input) => 1(output): [preId,postId] wt (+/-wtChange in 10000ms) show first 100
[INFO carlsim/connection_monitor/connection_monitor_core.cpp:349] [  0,  0] 0.0468   [  0,  1] 0.0298   [  0,  2] 0.0113   [  0,  3] 0.0305   
[INFO carlsim/connection_monitor/connection_monitor_core.cpp:349] [  0,  4] 0.0194   [  0,  5] 0.0074   [  0,  6] 0.0120   [  0,  7] 0.0076   
[INFO carlsim/connection_monitor/connection_monitor_core.cpp:349] [  1,  0] 0.0483   [  1,  1] 0.0346   [  1,  2] 0.0148   [  1,  3] 0.0315   
[INFO carlsim/connection_monitor/connection_monitor_core.cpp:349] [  1,  4] 0.0226   [  1,  5] 0.0097   [  1,  6] 0.0123   [  1,  7] 0.0088   
[INFO carlsim/connection_monitor/connection_monitor_core.cpp:349] [  2,  0] 0.0485   [  2,  1] 0.0391   [  2,  2] 0.0189   [  2,  3] 0.0317   
[INFO carlsim/connection_monitor/connection_monitor_core.cpp:349] [  2,  4] 0.0255   [  2,  5] 0.0123   [  2,  6] 0.0124   [  2,  7] 0.0100   
[INFO carlsim/connection_monitor/connection_monitor_core.cpp:349] [  3,  0] 0.0474   [  3,  1] 0.0430   [  3,  2] 0.0234   [  3,  3] 0.0310   
[INFO carlsim/connection_monitor/connection_monitor_core.cpp:349] [  3,  4] 0.0281   [  3,  5] 0.0152   [  3,  6] 0.0121   [  3,  7] 0.0110   
[INFO carlsim/connection_monitor/connection_monitor_core.cpp:349] [  3,  8] 0.0060   [  4,  0] 0.0451   [  4,  1] 0.0460   [  4,  2] 0.0281   
[INFO carlsim/connection_monitor/connection_monitor_core.cpp:349] [  4,  3] 0.0295   [  4,  4] 0.0300   [  4,  5] 0.0184   [  4,  6] 0.0115   
[INFO carlsim/connection_monitor/connection_monitor_core.cpp:349] [  4,  7] 0.0118   [  4,  8] 0.0072   [  5,  0] 0.0418   [  5,  1] 0.0479   
[INFO carlsim/connection_monitor/connection_monitor_core.cpp:349] [  5,  2] 0.0330   [  5,  3] 0.0273   [  5,  4] 0.0313   [  5,  5] 0.0215   
[INFO carlsim/connection_monitor/connection_monitor_core.cpp:349] [  5,  6] 0.0107   [  5,  7] 0.0122   [  5,  8] 0.0084   [  6,  0] 0.0376   
[INFO carlsim/connection_monitor/connection_monitor_core.cpp:349] [  6,  1] 0.0486   [  6,  2] 0.0376   [  6,  3] 0.0246   [  6,  4] 0.0317   
[INFO carlsim/connection_monitor/connection_monitor_core.cpp:349] [  6,  5] 0.0246   [  6,  6] 0.0096   [  6,  7] 0.0124   [  6,  8] 0.0096   
[INFO carlsim/connection_monitor/connection_monitor_core.cpp:349] [  7,  0] 0.0330   [  7,  1] 0.0479   [  7,  2] 0.0418   [  7,  3] 0.0215   
[INFO carlsim/connection_monitor/connection_monitor_core.cpp:349] [  7,  4] 0.0313   [  7,  5] 0.0273   [  7,  6] 0.0084   [  7,  7] 0.0122   
[INFO carlsim/connection_monitor/connection_monitor_core.cpp:349] [  7,  8] 0.0107   [  8,  0] 0.0281   [  8,  1] 0.0460   [  8,  2] 0.0451   
[INFO carlsim/connection_monitor/connection_monitor_core.cpp:349] [  8,  3] 0.0184   [  8,  4] 0.0300   [  8,  5] 0.0295   [  8,  6] 0.0072   
[INFO carlsim/connection_monitor/connection_monitor_core.cpp:349] [  8,  7] 0.0118   [  8,  8] 0.0115   [  9,  0] 0.0234   [  9,  1] 0.0430   
[INFO carlsim/connection_monitor/connection_monitor_core.cpp:349] [  9,  2] 0.0474   [  9,  3] 0.0152   [  9,  4] 0.0281   [  9,  5] 0.0310   
[INFO carlsim/connection_monitor/connection_monitor_core.cpp:349] [  9,  6] 0.0060   [  9,  7] 0.0110   [  9,  8] 0.0121   [ 10,  0] 0.0189   
[INFO carlsim/connection_monitor/connection_monitor_core.cpp:349] [ 10,  1] 0.0391   [ 10,  2] 0.0485   [ 10,  3] 0.0123   [ 10,  4] 0.0255   
[INFO carlsim/connection_monitor/connection_monitor_core.cpp:349] [ 10,  5] 0.0317   [ 10,  7] 0.0100   [ 10,  8] 0.0124   [ 11,  0] 0.0148   
[INFO carlsim/connection_monitor/connection_monitor_core.cpp:349] [ 11,  1] 0.0346   [ 11,  2] 0.0483   [ 11,  3] 0.0097   [ 11,  4] 0.0226   
[INFO carlsim/kernel/src/snn_cpu.cpp:3002] 

[INFO carlsim/kernel/src/snn_cpu.cpp:3004] ********************      CPU Simulation Summary      ***************************
[INFO carlsim/kernel/src/snn_cpu.cpp:3007] Network Parameters: 	numNeurons = 126 (numNExcReg:numNInhReg = 7.1:0.0)
[INFO carlsim/kernel/src/snn_cpu.cpp:3008] 			numSynapses = 1037
[INFO carlsim/kernel/src/snn_cpu.cpp:3009] 			maxDelay = 1
[INFO carlsim/kernel/src/snn_cpu.cpp:3010] Simulation Mode:	COBA
[INFO carlsim/kernel/src/snn_cpu.cpp:3011] Random Seed:		42
[INFO carlsim/kernel/src/snn_cpu.cpp:3012] Timing:			Model Simulation Time = 10 sec
[INFO carlsim/kernel/src/snn_cpu.cpp:3013] 			Actual Execution Time = 0.00 sec
[INFO carlsim/kernel/src/snn_cpu.cpp:3014] Average Firing Rate:	2+ms delay = 0.000 Hz
[INFO carlsim/kernel/src/snn_cpu.cpp:3015] 			1ms delay = inf Hz
[INFO carlsim/kernel/src/snn_cpu.cpp:3016] 			Overall = 39.035 Hz
[INFO carlsim/kernel/src/snn_cpu.cpp:3017] Overall Firing Count:	2+ms delay = 0
[INFO carlsim/kernel/src/snn_cpu.cpp:3018] 			1ms delay = 49184
[INFO carlsim/kernel/src/snn_cpu.cpp:3019] 			Total = 49184
[INFO carlsim/kernel/src/snn_cpu.cpp:3020] *********************************************************************************

